<?xml version="1.0" encoding="UTF-8"?>
<!-- Generated by org.testng.reporters.JUnitXMLReporter -->
<testsuite ignored="0" hostname="DESKTOP-UV8G2N5" failures="0" tests="2" name="Default test" time="48.794" errors="0" timestamp="2024-03-11T17:19:56 EDT">
  <testcase classname="webstaurantstore.tests.WebstaurantStoreTest" name="addLastProductRemoveProductFromCart" time="14.615"/>
  <testcase classname="webstaurantstore.tests.WebstaurantStoreTest" name="addLastProductRemoveProductFromCart" time="22.989"/>
</testsuite> <!-- Default test -->
