<?xml version="1.0" encoding="UTF-8"?>
<!-- Generated by org.testng.reporters.JUnitXMLReporter -->
<testsuite ignored="0" hostname="DESKTOP-UV8G2N5" failures="0" tests="2" name="Test" time="44.44" errors="0" timestamp="2024-03-12T07:42:02 EDT">
  <testcase classname="webstaurantstore.tests.WebstaurantStoreTest" name="addLastProductRemoveProductFromCart" time="13.424"/>
  <testcase classname="webstaurantstore.tests.WebstaurantStoreTest" name="addLastProductRemoveProductFromCart" time="13.218"/>
</testsuite> <!-- Test -->
