<?xml version="1.0" encoding="UTF-8"?>
<!-- Generated by org.testng.reporters.JUnitXMLReporter -->
<testsuite ignored="0" hostname="DESKTOP-UV8G2N5" failures="1" tests="2" name="WebstaurantStoreTest" time="41.752" errors="0" timestamp="2024-03-12T08:21:45 EDT">
  <testcase classname="webstaurantstore.tests.WebstaurantStoreTest" name="addLastProductRemoveProductFromCart" time="10.959"/>
  <testcase classname="webstaurantstore.tests.WebstaurantStoreTest" name="addLastProductRemoveProductFromCart" time="17.547">
    <failure type="java.lang.AssertionError" message="expected [Your cart is empty.] but found [Your cart is empty bla.]">
      <![CDATA[java.lang.AssertionError: expected [Your cart is empty.] but found [Your cart is empty bla.]
at webstaurantstore.tests.WebstaurantStoreTest.addLastProductRemoveProductFromCart(WebstaurantStoreTest.java:29)
at java.base/java.util.ArrayList.forEach(ArrayList.java:1596)
... Removed 31 stack frames]]>
    </failure>
  </testcase> <!-- addLastProductRemoveProductFromCart -->
</testsuite> <!-- WebstaurantStoreTest -->
