<?xml version="1.0" encoding="UTF-8"?>
<!-- Generated by org.testng.reporters.JUnitXMLReporter -->
<testsuite ignored="0" hostname="DESKTOP-UV8G2N5" failures="0" tests="2" name="WebstaurantStoreTest" time="53.414" errors="0" timestamp="2024-03-12T12:00:52 EDT">
  <testcase classname="webstaurantstore.tests.WebstaurantStoreTest" name="addLastProductRemoveProductFromCart" time="18.357"/>
  <testcase classname="webstaurantstore.tests.WebstaurantStoreTest" name="addLastProductRemoveProductFromCart" time="19.599"/>
</testsuite> <!-- WebstaurantStoreTest -->
