<?xml version="1.0" encoding="UTF-8"?>
<testng-results ignored="0" total="2" passed="2" failed="0" skipped="0">
  <reporter-output>
  </reporter-output>
  <suite started-at="2024-03-12T11:59:58 EDT" name="Suite" finished-at="2024-03-12T12:00:51 EDT" duration-ms="53414">
    <groups>
      <group name="AutomatedTask">
        <method signature="WebstaurantStoreTest.addLastProductRemoveProductFromCart(java.util.HashMap)[pri:0, instance:webstaurantstore.tests.WebstaurantStoreTest@496bc455]" name="addLastProductRemoveProductFromCart" class="webstaurantstore.tests.WebstaurantStoreTest"/>
      </group> <!-- AutomatedTask -->
    </groups>
    <test started-at="2024-03-12T11:59:58 EDT" name="WebstaurantStoreTest" finished-at="2024-03-12T12:00:51 EDT" duration-ms="53414">
      <class name="webstaurantstore.tests.WebstaurantStoreTest">
        <test-method is-config="true" signature="goToLandingPage()[pri:0, instance:webstaurantstore.tests.WebstaurantStoreTest@496bc455]" started-at="2024-03-12T11:59:58 EDT" name="goToLandingPage" finished-at="2024-03-12T12:00:06 EDT" duration-ms="7371" status="PASS">
          <reporter-output>
          </reporter-output>
        </test-method> <!-- goToLandingPage -->
        <test-method signature="addLastProductRemoveProductFromCart(java.util.HashMap)[pri:0, instance:webstaurantstore.tests.WebstaurantStoreTest@496bc455]" started-at="2024-03-12T12:00:06 EDT" name="addLastProductRemoveProductFromCart" data-provider="getData" finished-at="2024-03-12T12:00:24 EDT" duration-ms="18357" status="PASS">
          <params>
            <param index="0">
              <value>
                <![CDATA[{productSearchCriteria=Table, cartEmptyMessage=Your cart is empty., product=stainless work table}]]>
              </value>
            </param>
          </params>
          <reporter-output>
          </reporter-output>
        </test-method> <!-- addLastProductRemoveProductFromCart -->
        <test-method is-config="true" signature="tearDown()[pri:0, instance:webstaurantstore.tests.WebstaurantStoreTest@496bc455]" started-at="2024-03-12T12:00:24 EDT" name="tearDown" finished-at="2024-03-12T12:00:25 EDT" duration-ms="442" status="PASS">
          <reporter-output>
          </reporter-output>
        </test-method> <!-- tearDown -->
        <test-method is-config="true" signature="goToLandingPage()[pri:0, instance:webstaurantstore.tests.WebstaurantStoreTest@496bc455]" started-at="2024-03-12T12:00:25 EDT" name="goToLandingPage" finished-at="2024-03-12T12:00:31 EDT" duration-ms="6857" status="PASS">
          <reporter-output>
          </reporter-output>
        </test-method> <!-- goToLandingPage -->
        <test-method signature="addLastProductRemoveProductFromCart(java.util.HashMap)[pri:0, instance:webstaurantstore.tests.WebstaurantStoreTest@496bc455]" started-at="2024-03-12T12:00:31 EDT" name="addLastProductRemoveProductFromCart" data-provider="getData" finished-at="2024-03-12T12:00:51 EDT" duration-ms="19599" status="PASS">
          <params>
            <param index="0">
              <value>
                <![CDATA[{productSearchCriteria=Plate, cartEmptyMessage=Your cart is empty., product=plate}]]>
              </value>
            </param>
          </params>
          <reporter-output>
          </reporter-output>
        </test-method> <!-- addLastProductRemoveProductFromCart -->
        <test-method is-config="true" signature="tearDown()[pri:0, instance:webstaurantstore.tests.WebstaurantStoreTest@496bc455]" started-at="2024-03-12T12:00:51 EDT" name="tearDown" finished-at="2024-03-12T12:00:51 EDT" duration-ms="385" status="PASS">
          <reporter-output>
          </reporter-output>
        </test-method> <!-- tearDown -->
      </class> <!-- webstaurantstore.tests.WebstaurantStoreTest -->
    </test> <!-- WebstaurantStoreTest -->
  </suite> <!-- Suite -->
</testng-results>
